2020-02-14T08:20:08+00:00 CRITICAL Uncaught Error: Call to undefined function get_template_directory_url() in /var/www/html/woocommerce/wp-content/themes/tiendadiso-child/functions.php:11
Stack trace:
#0 /var/www/html/woocommerce/wp-includes/class-wp-hook.php(288): enqueue_parent_styles('')
#1 /var/www/html/woocommerce/wp-includes/class-wp-hook.php(312): WP_Hook->apply_filters(NULL, Array)
#2 /var/www/html/woocommerce/wp-includes/plugin.php(478): WP_Hook->do_action(Array)
#3 /var/www/html/woocommerce/wp-includes/script-loader.php(2670): do_action('wp_enqueue_scri...')
#4 /var/www/html/woocommerce/wp-includes/class-wp-hook.php(288): wp_enqueue_scripts('')
#5 /var/www/html/woocommerce/wp-includes/class-wp-hook.php(312): WP_Hook->apply_filters(NULL, Array)
#6 /var/www/html/woocommerce/wp-includes/plugin.php(478): WP_Hook->do_action(Array)
#7 /var/www/html/woocommerce/wp-includes/general-template.php(2879): do_action('wp_head')
#8 /var/www/html/woocommerce/wp-content/themes/tiendadiso/header.php(32): wp_head()
#9 /var/www/html/woocommerce/wp-inclu en /var/www/html/woocommerce/wp-content/themes/tiendadiso-child/functions.php en la línea 11

2020-02-14T08:20:19+00:00 CRITICAL Uncaught Error: Call to undefined function get_template_directory_url() in /var/www/html/woocommerce/wp-content/themes/tiendadiso-child/functions.php:11
Stack trace:
#0 /var/www/html/woocommerce/wp-includes/class-wp-hook.php(288): enqueue_parent_styles('')
#1 /var/www/html/woocommerce/wp-includes/class-wp-hook.php(312): WP_Hook->apply_filters(NULL, Array)
#2 /var/www/html/woocommerce/wp-includes/plugin.php(478): WP_Hook->do_action(Array)
#3 /var/www/html/woocommerce/wp-includes/script-loader.php(2670): do_action('wp_enqueue_scri...')
#4 /var/www/html/woocommerce/wp-includes/class-wp-hook.php(288): wp_enqueue_scripts('')
#5 /var/www/html/woocommerce/wp-includes/class-wp-hook.php(312): WP_Hook->apply_filters(NULL, Array)
#6 /var/www/html/woocommerce/wp-includes/plugin.php(478): WP_Hook->do_action(Array)
#7 /var/www/html/woocommerce/wp-includes/general-template.php(2879): do_action('wp_head')
#8 /var/www/html/woocommerce/wp-content/themes/tiendadiso/header.php(32): wp_head()
#9 /var/www/html/woocommerce/wp-inclu en /var/www/html/woocommerce/wp-content/themes/tiendadiso-child/functions.php en la línea 11

2020-02-14T08:20:20+00:00 CRITICAL Uncaught Error: Call to undefined function get_template_directory_url() in /var/www/html/woocommerce/wp-content/themes/tiendadiso-child/functions.php:11
Stack trace:
#0 /var/www/html/woocommerce/wp-includes/class-wp-hook.php(288): enqueue_parent_styles('')
#1 /var/www/html/woocommerce/wp-includes/class-wp-hook.php(312): WP_Hook->apply_filters(NULL, Array)
#2 /var/www/html/woocommerce/wp-includes/plugin.php(478): WP_Hook->do_action(Array)
#3 /var/www/html/woocommerce/wp-includes/script-loader.php(2670): do_action('wp_enqueue_scri...')
#4 /var/www/html/woocommerce/wp-includes/class-wp-hook.php(288): wp_enqueue_scripts('')
#5 /var/www/html/woocommerce/wp-includes/class-wp-hook.php(312): WP_Hook->apply_filters(NULL, Array)
#6 /var/www/html/woocommerce/wp-includes/plugin.php(478): WP_Hook->do_action(Array)
#7 /var/www/html/woocommerce/wp-includes/general-template.php(2879): do_action('wp_head')
#8 /var/www/html/woocommerce/wp-content/themes/tiendadiso/header.php(32): wp_head()
#9 /var/www/html/woocommerce/wp-inclu en /var/www/html/woocommerce/wp-content/themes/tiendadiso-child/functions.php en la línea 11

2020-02-14T08:36:06+00:00 CRITICAL Uncaught Error: Call to undefined function do_shotcode() in /var/www/html/woocommerce/wp-content/themes/tiendadiso-child/woocommerce/archive-product.php:12
Stack trace:
#0 /var/www/html/woocommerce/wp-includes/template-loader.php(98): include()
#1 /var/www/html/woocommerce/wp-blog-header.php(19): require_once('/var/www/html/w...')
#2 /var/www/html/woocommerce/index.php(17): require('/var/www/html/w...')
#3 {main}
  thrown en /var/www/html/woocommerce/wp-content/themes/tiendadiso-child/woocommerce/archive-product.php en la línea 12

